<?xml version="1.0" encoding="UTF-8"?>
<testsuite xmlns:xsi="http://www.w3.org/2001/XMLSchema-instance" xsi:noNamespaceSchemaLocation="https://maven.apache.org/surefire/maven-surefire-plugin/xsd/surefire-test-report.xsd" name="org.factoriaf5.imc.IMCTest" time="0.059" tests="4" errors="4" skipped="0" failures="0">
  <properties>
[...]
</properties>
  <testcase name="testMostrarIMC" classname="org.factoriaf5.imc.IMCTest" time="0.009">
    <error message="Unresolved compilation problems: &#10;	IMCCalculator cannot be resolved to a type&#10;	IMCCalculator cannot be resolved to a type&#10;" type="java.lang.Error">java.lang.Error: 
Unresolved compilation problems: 
	IMCCalculator cannot be resolved to a type
	IMCCalculator cannot be resolved to a type

	at org.factoriaf5.imc.IMCTest.testMostrarIMC(IMCTest.java:59)
</error>
  </testcase>
  <testcase name="testCalcularIMC" classname="org.factoriaf5.imc.IMCTest" time="0.001">
    <error message="Unresolved compilation problems: &#10;	IMCCalculator cannot be resolved to a type&#10;	IMCCalculator cannot be resolved to a type&#10;	IMCCalculator cannot be resolved to a type&#10;	IMCCalculator cannot be resolved to a type&#10;	IMCCalculator cannot be resolved to a type&#10;	IMCCalculator cannot be resolved to a type&#10;" type="java.lang.Error">java.lang.Error: 
Unresolved compilation problems: 
	IMCCalculator cannot be resolved to a type
	IMCCalculator cannot be resolved to a type
	IMCCalculator cannot be resolved to a type
	IMCCalculator cannot be resolved to a type
	IMCCalculator cannot be resolved to a type
	IMCCalculator cannot be resolved to a type

	at org.factoriaf5.imc.IMCTest.testCalcularIMC(IMCTest.java:12)
</error>
  </testcase>
  <testcase name="testObtenerCategoria" classname="org.factoriaf5.imc.IMCTest" time="0">
    <error message="Unresolved compilation problems: &#10;	IMCCalculator cannot be resolved to a type&#10;	IMCCalculator cannot be resolved to a type&#10;	IMCCalculator cannot be resolved&#10;	IMCCalculator cannot be resolved to a type&#10;	IMCCalculator cannot be resolved to a type&#10;	IMCCalculator cannot be resolved&#10;	IMCCalculator cannot be resolved to a type&#10;	IMCCalculator cannot be resolved to a type&#10;	IMCCalculator cannot be resolved&#10;	IMCCalculator cannot be resolved to a type&#10;	IMCCalculator cannot be resolved to a type&#10;	IMCCalculator cannot be resolved&#10;" type="java.lang.Error">java.lang.Error: 
Unresolved compilation problems: 
	IMCCalculator cannot be resolved to a type
	IMCCalculator cannot be resolved to a type
	IMCCalculator cannot be resolved
	IMCCalculator cannot be resolved to a type
	IMCCalculator cannot be resolved to a type
	IMCCalculator cannot be resolved
	IMCCalculator cannot be resolved to a type
	IMCCalculator cannot be resolved to a type
	IMCCalculator cannot be resolved
	IMCCalculator cannot be resolved to a type
	IMCCalculator cannot be resolved to a type
	IMCCalculator cannot be resolved

	at org.factoriaf5.imc.IMCTest.testObtenerCategoria(IMCTest.java:25)
</error>
  </testcase>
  <testcase name="testObtenerResultado" classname="org.factoriaf5.imc.IMCTest" time="0.001">
    <error message="Unresolved compilation problems: &#10;	IMCCalculator cannot be resolved to a type&#10;	IMCCalculator cannot be resolved to a type&#10;	IMCCalculator cannot be resolved to a type&#10;	IMCCalculator cannot be resolved to a type&#10;" type="java.lang.Error">java.lang.Error: 
Unresolved compilation problems: 
	IMCCalculator cannot be resolved to a type
	IMCCalculator cannot be resolved to a type
	IMCCalculator cannot be resolved to a type
	IMCCalculator cannot be resolved to a type

	at org.factoriaf5.imc.IMCTest.testObtenerResultado(IMCTest.java:45)
</error>
  </testcase>
</testsuite>